
  Hermes Web UI -- startup config
  --------------------------------
  repo root   : /mnt/c/Users/ethan.FIEE/hermes-webui
  agent dir   : /home/ethanol/.hermes/hermes-agent  [32m[ok][0m
  python      : /home/ethanol/.hermes/hermes-agent/venv/bin/python
  state dir   : /home/ethanol/.hermes/webui
  workspace   : /home/ethanol/workspace
  host:port   : 127.0.0.1:8787
  config file : /home/ethanol/.hermes/config.yaml  (found)

  [tip] No password set. Any process on this machine can read sessions
        and memory via the local API. Set HERMES_WEBUI_PASSWORD to
        enable authentication.
  Hermes Web UI listening on http://127.0.0.1:8787
  Remote access: ssh -N -L 8787:127.0.0.1:8787 <user>@<your-server>
  Then open:     http://localhost:8787

[webui] {"ts": "2026-05-03T12:38:46Z", "method": "GET", "path": "/health", "status": 200, "ms": 0.1}
[webui] {"ts": "2026-05-03T12:40:16Z", "method": "GET", "path": "/", "status": 200, "ms": 98.7}
[webui] {"ts": "2026-05-03T12:40:16Z", "method": "GET", "path": "/static/style.css?v=v0.50.278", "status": 200, "ms": 81.9}
[webui] {"ts": "2026-05-03T12:40:16Z", "method": "GET", "path": "/manifest.json", "status": 200, "ms": 42.5}
[webui] {"ts": "2026-05-03T12:40:16Z", "method": "GET", "path": "/static/vendor/smd.min.js", "status": 200, "ms": 52.9}
[webui] {"ts": "2026-05-03T12:40:17Z", "method": "GET", "path": "/static/icons.js?v=v0.50.278", "status": 200, "ms": 27.3}
[webui] {"ts": "2026-05-03T12:40:17Z", "method": "GET", "path": "/static/workspace.js?v=v0.50.278", "status": 200, "ms": 51.6}
[webui] {"ts": "2026-05-03T12:40:17Z", "method": "GET", "path": "/static/terminal.js?v=v0.50.278", "status": 200, "ms": 32.1}
[webui] {"ts": "2026-05-03T12:40:17Z", "method": "GET", "path": "/static/i18n.js?v=v0.50.278", "status": 200, "ms": 30.6}
[webui] {"ts": "2026-05-03T12:40:17Z", "method": "GET", "path": "/static/ui.js?v=v0.50.278", "status": 200, "ms": 51.5}
[webui] {"ts": "2026-05-03T12:40:17Z", "method": "GET", "path": "/static/sessions.js?v=v0.50.278", "status": 200, "ms": 31.3}
[webui] {"ts": "2026-05-03T12:40:17Z", "method": "GET", "path": "/static/commands.js?v=v0.50.278", "status": 200, "ms": 277.1}
[webui] {"ts": "2026-05-03T12:40:17Z", "method": "GET", "path": "/static/messages.js?v=v0.50.278", "status": 200, "ms": 276.8}
[webui] {"ts": "2026-05-03T12:40:17Z", "method": "GET", "path": "/static/onboarding.js?v=v0.50.278", "status": 200, "ms": 143.7}
[webui] {"ts": "2026-05-03T12:40:17Z", "method": "GET", "path": "/static/panels.js?v=v0.50.278", "status": 200, "ms": 257.7}
[webui] {"ts": "2026-05-03T12:40:17Z", "method": "GET", "path": "/static/boot.js?v=v0.50.278", "status": 200, "ms": 220.1}
[webui] {"ts": "2026-05-03T12:40:17Z", "method": "GET", "path": "/api/settings", "status": 200, "ms": 0.3}
[webui] {"ts": "2026-05-03T12:40:17Z", "method": "GET", "path": "/static/favicon.svg", "status": 200, "ms": 51.2}
[webui] {"ts": "2026-05-03T12:40:17Z", "method": "GET", "path": "/static/favicon.ico", "status": 200, "ms": 53.9}
[webui] {"ts": "2026-05-03T12:40:18Z", "method": "GET", "path": "/api/profile/active", "status": 200, "ms": 1.1}
[webui] {"ts": "2026-05-03T12:40:18Z", "method": "GET", "path": "/api/workspaces", "status": 200, "ms": 2.8}
[webui] {"ts": "2026-05-03T12:40:18Z", "method": "GET", "path": "/sw.js?v=v0.50.278", "status": 200, "ms": 103.9}
[webui] {"ts": "2026-05-03T12:40:18Z", "method": "GET", "path": "/", "status": 200, "ms": 25.6}
[webui] {"ts": "2026-05-03T12:40:18Z", "method": "GET", "path": "/static/boot.js?v=v0.50.278", "status": 200, "ms": 52.0}
[webui] {"ts": "2026-05-03T12:40:18Z", "method": "GET", "path": "/static/style.css?v=v0.50.278", "status": 200, "ms": 73.3}
[webui] {"ts": "2026-05-03T12:40:18Z", "method": "GET", "path": "/static/ui.js?v=v0.50.278", "status": 200, "ms": 124.0}
[webui] {"ts": "2026-05-03T12:40:18Z", "method": "GET", "path": "/static/sessions.js?v=v0.50.278", "status": 200, "ms": 28.2}
[webui] {"ts": "2026-05-03T12:40:18Z", "method": "GET", "path": "/static/messages.js?v=v0.50.278", "status": 200, "ms": 40.4}
[webui] {"ts": "2026-05-03T12:40:18Z", "method": "GET", "path": "/static/icons.js?v=v0.50.278", "status": 200, "ms": 38.8}
[webui] {"ts": "2026-05-03T12:40:18Z", "method": "GET", "path": "/static/commands.js?v=v0.50.278", "status": 200, "ms": 38.6}
[webui] {"ts": "2026-05-03T12:40:18Z", "method": "GET", "path": "/static/panels.js?v=v0.50.278", "status": 200, "ms": 52.0}
[webui] {"ts": "2026-05-03T12:40:18Z", "method": "GET", "path": "/static/i18n.js?v=v0.50.278", "status": 200, "ms": 29.9}
[webui] {"ts": "2026-05-03T12:40:18Z", "method": "GET", "path": "/static/terminal.js?v=v0.50.278", "status": 200, "ms": 18.9}
[webui] {"ts": "2026-05-03T12:40:18Z", "method": "GET", "path": "/static/workspace.js?v=v0.50.278", "status": 200, "ms": 20.9}
[webui] {"ts": "2026-05-03T12:40:18Z", "method": "GET", "path": "/static/onboarding.js?v=v0.50.278", "status": 200, "ms": 34.6}
[webui] {"ts": "2026-05-03T12:40:18Z", "method": "GET", "path": "/static/favicon.svg", "status": 200, "ms": 26.4}
[webui] {"ts": "2026-05-03T12:40:18Z", "method": "GET", "path": "/static/favicon-32.png", "status": 200, "ms": 20.7}
[webui] {"ts": "2026-05-03T12:40:18Z", "method": "GET", "path": "/manifest.json", "status": 200, "ms": 42.8}
[webui] {"ts": "2026-05-03T12:40:23Z", "method": "GET", "path": "/api/models", "status": 200, "ms": 5779.7}
[webui] {"ts": "2026-05-03T12:40:23Z", "method": "GET", "path": "/api/onboarding/status", "status": 200, "ms": 5628.5}
[webui] {"ts": "2026-05-03T12:40:23Z", "method": "GET", "path": "/api/projects", "status": 200, "ms": 0.4}
[webui] {"ts": "2026-05-03T12:40:23Z", "method": "GET", "path": "/api/sessions", "status": 200, "ms": 3.6}
[webui] {"ts": "2026-05-03T12:40:23Z", "method": "GET", "path": "/api/reasoning", "status": 200, "ms": 29.2}
[webui] {"ts": "2026-05-03T12:40:23Z", "method": "GET", "path": "/api/sessions", "status": 200, "ms": 6.1}
[webui] {"ts": "2026-05-03T12:40:23Z", "method": "GET", "path": "/api/projects", "status": 200, "ms": 1.9}
[webui] {"ts": "2026-05-03T12:40:24Z", "method": "GET", "path": "/api/models/live?provider=opencode-go", "status": 200, "ms": 960.6}
[webui] {"ts": "2026-05-03T12:40:25Z", "method": "GET", "path": "/api/updates/check", "status": 200, "ms": 7337.3}
[webui] {"ts": "2026-05-03T12:40:39Z", "method": "GET", "path": "/", "status": 200, "ms": 5.0}
[webui] {"ts": "2026-05-03T12:40:39Z", "method": "GET", "path": "/static/style.css?v=v0.50.278", "status": 200, "ms": 54.5}
[webui] {"ts": "2026-05-03T12:40:39Z", "method": "GET", "path": "/static/vendor/smd.min.js", "status": 200, "ms": 16.8}
[webui] {"ts": "2026-05-03T12:40:39Z", "method": "GET", "path": "/manifest.json", "status": 200, "ms": 8.0}
[webui] {"ts": "2026-05-03T12:40:40Z", "method": "GET", "path": "/static/icons.js?v=v0.50.278", "status": 200, "ms": 21.1}
[webui] {"ts": "2026-05-03T12:40:40Z", "method": "GET", "path": "/static/ui.js?v=v0.50.278", "status": 200, "ms": 19.1}
[webui] {"ts": "2026-05-03T12:40:40Z", "method": "GET", "path": "/static/workspace.js?v=v0.50.278", "status": 200, "ms": 19.7}
[webui] {"ts": "2026-05-03T12:40:40Z", "method": "GET", "path": "/static/i18n.js?v=v0.50.278", "status": 200, "ms": 22.4}
[webui] {"ts": "2026-05-03T12:40:40Z", "method": "GET", "path": "/static/sessions.js?v=v0.50.278", "status": 200, "ms": 11.3}
[webui] {"ts": "2026-05-03T12:40:40Z", "method": "GET", "path": "/static/terminal.js?v=v0.50.278", "status": 200, "ms": 14.9}
[webui] {"ts": "2026-05-03T12:40:40Z", "method": "GET", "path": "/static/panels.js?v=v0.50.278", "status": 200, "ms": 22.4}
[webui] {"ts": "2026-05-03T12:40:40Z", "method": "GET", "path": "/static/commands.js?v=v0.50.278", "status": 200, "ms": 24.8}
[webui] {"ts": "2026-05-03T12:40:40Z", "method": "GET", "path": "/static/onboarding.js?v=v0.50.278", "status": 200, "ms": 19.0}
[webui] {"ts": "2026-05-03T12:40:40Z", "method": "GET", "path": "/static/messages.js?v=v0.50.278", "status": 200, "ms": 22.4}
[webui] {"ts": "2026-05-03T12:40:40Z", "method": "GET", "path": "/static/boot.js?v=v0.50.278", "status": 200, "ms": 18.3}
[webui] {"ts": "2026-05-03T12:40:40Z", "method": "GET", "path": "/api/settings", "status": 200, "ms": 0.4}
[webui] {"ts": "2026-05-03T12:40:40Z", "method": "GET", "path": "/api/updates/check", "status": 200, "ms": 0.4}
[webui] {"ts": "2026-05-03T12:40:40Z", "method": "GET", "path": "/static/favicon.ico", "status": 200, "ms": 10.3}
[webui] {"ts": "2026-05-03T12:40:40Z", "method": "GET", "path": "/static/favicon.svg", "status": 200, "ms": 9.7}
[webui] {"ts": "2026-05-03T12:40:41Z", "method": "GET", "path": "/api/profile/active", "status": 200, "ms": 0.3}
[webui] {"ts": "2026-05-03T12:40:41Z", "method": "GET", "path": "/api/models", "status": 200, "ms": 0.8}
[webui] {"ts": "2026-05-03T12:40:41Z", "method": "GET", "path": "/api/workspaces", "status": 200, "ms": 1.1}
[webui] {"ts": "2026-05-03T12:40:41Z", "method": "GET", "path": "/api/models/live?provider=opencode-go", "status": 200, "ms": 1.0}
[webui] {"ts": "2026-05-03T12:40:41Z", "method": "GET", "path": "/api/onboarding/status", "status": 200, "ms": 3.5}
[webui] {"ts": "2026-05-03T12:40:41Z", "method": "GET", "path": "/api/sessions", "status": 200, "ms": 1.3}
[webui] {"ts": "2026-05-03T12:40:41Z", "method": "GET", "path": "/api/projects", "status": 200, "ms": 2.8}
[webui] {"ts": "2026-05-03T12:40:41Z", "method": "GET", "path": "/api/sessions", "status": 200, "ms": 12.2}
[webui] {"ts": "2026-05-03T12:40:41Z", "method": "GET", "path": "/api/reasoning", "status": 200, "ms": 31.5}
[webui] {"ts": "2026-05-03T12:40:41Z", "method": "GET", "path": "/api/projects", "status": 200, "ms": 1.0}
[webui] {"ts": "2026-05-03T12:40:41Z", "method": "GET", "path": "/sw.js?v=v0.50.278", "status": 200, "ms": 13.4}
[webui] {"ts": "2026-05-03T12:40:41Z", "method": "GET", "path": "/", "status": 200, "ms": 3.2}
[webui] {"ts": "2026-05-03T12:40:44Z", "method": "GET", "path": "/static/style.css?v=v0.50.278", "status": 200, "ms": 7.7}
[webui] {"ts": "2026-05-03T12:40:44Z", "method": "GET", "path": "/static/boot.js?v=v0.50.278", "status": 200, "ms": 6.8}
[webui] {"ts": "2026-05-03T12:40:44Z", "method": "GET", "path": "/static/ui.js?v=v0.50.278", "status": 200, "ms": 19.3}
[webui] {"ts": "2026-05-03T12:40:44Z", "method": "GET", "path": "/static/messages.js?v=v0.50.278", "status": 200, "ms": 10.2}
[webui] {"ts": "2026-05-03T12:40:44Z", "method": "GET", "path": "/static/sessions.js?v=v0.50.278", "status": 200, "ms": 9.5}
[webui] {"ts": "2026-05-03T12:40:44Z", "method": "GET", "path": "/static/panels.js?v=v0.50.278", "status": 200, "ms": 9.2}
[webui] {"ts": "2026-05-03T12:40:44Z", "method": "GET", "path": "/static/icons.js?v=v0.50.278", "status": 200, "ms": 10.1}
[webui] {"ts": "2026-05-03T12:40:44Z", "method": "GET", "path": "/static/commands.js?v=v0.50.278", "status": 200, "ms": 12.7}
[webui] {"ts": "2026-05-03T12:40:45Z", "method": "GET", "path": "/static/i18n.js?v=v0.50.278", "status": 200, "ms": 7.4}
[webui] {"ts": "2026-05-03T12:40:45Z", "method": "GET", "path": "/static/terminal.js?v=v0.50.278", "status": 200, "ms": 8.9}
[webui] {"ts": "2026-05-03T12:40:45Z", "method": "GET", "path": "/static/workspace.js?v=v0.50.278", "status": 200, "ms": 10.8}
[webui] {"ts": "2026-05-03T12:40:45Z", "method": "GET", "path": "/static/onboarding.js?v=v0.50.278", "status": 200, "ms": 10.0}
[webui] {"ts": "2026-05-03T12:40:45Z", "method": "GET", "path": "/static/favicon.svg", "status": 200, "ms": 10.3}
[webui] {"ts": "2026-05-03T12:40:45Z", "method": "GET", "path": "/static/favicon-32.png", "status": 200, "ms": 9.4}
[webui] {"ts": "2026-05-03T12:40:45Z", "method": "GET", "path": "/manifest.json", "status": 200, "ms": 8.0}
[webui] {"ts": "2026-05-03T12:41:10Z", "method": "POST", "path": "/api/updates/apply", "status": 200, "ms": 2087.3}
[webui] {"ts": "2026-05-03T12:41:10Z", "method": "GET", "path": "/api/crons/recent?since=1777812041.392", "status": 200, "ms": 0.4}
[webui] {"ts": "2026-05-03T12:41:11Z", "method": "GET", "path": "/health", "status": 200, "ms": 0.3}
[webui] {"ts": "2026-05-03T12:41:11Z", "method": "GET", "path": "/static/vendor/smd.min.js", "status": 200, "ms": 12.0}
[webui] {"ts": "2026-05-03T12:41:11Z", "method": "GET", "path": "/api/settings", "status": 200, "ms": 0.4}
[webui] {"ts": "2026-05-03T12:41:12Z", "method": "GET", "path": "/static/favicon.ico", "status": 200, "ms": 14.5}
[webui] {"ts": "2026-05-03T12:41:12Z", "method": "GET", "path": "/api/profile/active", "status": 200, "ms": 1.2}
[webui] {"ts": "2026-05-03T12:41:12Z", "method": "GET", "path": "/api/models", "status": 200, "ms": 1.1}
[webui] {"ts": "2026-05-03T12:41:12Z", "method": "GET", "path": "/api/models/live?provider=opencode-go", "status": 200, "ms": 0.8}
[webui] {"ts": "2026-05-03T12:41:12Z", "method": "GET", "path": "/api/workspaces", "status": 200, "ms": 0.8}

  Hermes Web UI -- startup config
  --------------------------------
  repo root   : /mnt/c/Users/ethan.FIEE/hermes-webui
  agent dir   : /home/ethanol/.hermes/hermes-agent  [32m[ok][0m
  python      : /home/ethanol/.hermes/hermes-agent/venv/bin/python
  state dir   : /home/ethanol/.hermes/webui
  workspace   : /home/ethanol/workspace
  host:port   : 127.0.0.1:8787
  config file : /home/ethanol/.hermes/config.yaml  (found)

  [tip] No password set. Any process on this machine can read sessions
        and memory via the local API. Set HERMES_WEBUI_PASSWORD to
        enable authentication.
  Hermes Web UI listening on http://127.0.0.1:8787
  Remote access: ssh -N -L 8787:127.0.0.1:8787 <user>@<your-server>
  Then open:     http://localhost:8787

[webui] {"ts": "2026-05-03T12:41:16Z", "method": "GET", "path": "/api/onboarding/status", "status": 200, "ms": 2.5}
[webui] {"ts": "2026-05-03T12:41:18Z", "method": "GET", "path": "/api/sessions", "status": 200, "ms": 0.6}
[webui] {"ts": "2026-05-03T12:41:18Z", "method": "GET", "path": "/api/projects", "status": 200, "ms": 0.3}
[webui] {"ts": "2026-05-03T12:41:18Z", "method": "GET", "path": "/sw.js?v=v0.50.278", "status": 200, "ms": 16.2}
[webui] {"ts": "2026-05-03T12:41:19Z", "method": "GET", "path": "/api/reasoning", "status": 200, "ms": 64.5}
[webui] {"ts": "2026-05-03T12:41:19Z", "method": "GET", "path": "/api/projects", "status": 200, "ms": 56.7}
[webui] {"ts": "2026-05-03T12:41:19Z", "method": "GET", "path": "/api/sessions", "status": 200, "ms": 64.0}
[webui] {"ts": "2026-05-03T12:41:20Z", "method": "GET", "path": "/api/updates/check", "status": 200, "ms": 4028.0}
[webui] {"ts": "2026-05-03T12:41:42Z", "method": "POST", "path": "/api/session/new", "status": 200, "ms": 1.3}
[webui] {"ts": "2026-05-03T12:41:42Z", "method": "GET", "path": "/api/crons/recent?since=1777812072.451", "status": 200, "ms": 0.6}
[webui] {"ts": "2026-05-03T12:41:42Z", "method": "GET", "path": "/api/list?session_id=971f6c40d784&path=.", "status": 200, "ms": 1.3}
[webui] {"ts": "2026-05-03T12:41:42Z", "method": "GET", "path": "/api/sessions", "status": 200, "ms": 0.6}
[webui] {"ts": "2026-05-03T12:41:42Z", "method": "GET", "path": "/api/projects", "status": 200, "ms": 0.7}
[webui] {"ts": "2026-05-03T12:41:42Z", "method": "GET", "path": "/api/git-info?session_id=971f6c40d784", "status": 200, "ms": 1.4}
[webui] {"ts": "2026-05-03T12:41:42Z", "method": "GET", "path": "/api/session/yolo?session_id=971f6c40d784", "status": 200, "ms": 0.5}
[webui] {"ts": "2026-05-03T12:41:42Z", "method": "GET", "path": "/api/projects", "status": 200, "ms": 0.8}
[webui] {"ts": "2026-05-03T12:41:42Z", "method": "GET", "path": "/api/approval/stream?session_id=971f6c40d784", "status": 200, "ms": 0.2}
[webui] {"ts": "2026-05-03T12:41:42Z", "method": "GET", "path": "/api/sessions", "status": 200, "ms": 8.1}
[webui] {"ts": "2026-05-03T12:41:42Z", "method": "POST", "path": "/api/session/rename", "status": 200, "ms": 16.0}
[webui] {"ts": "2026-05-03T12:41:42Z", "method": "POST", "path": "/api/chat/start", "status": 200, "ms": 24.1}
[webui] {"ts": "2026-05-03T12:41:43Z", "method": "GET", "path": "/api/clarify/stream?session_id=971f6c40d784", "status": 200, "ms": 26.3}
[webui] {"ts": "2026-05-03T12:41:43Z", "method": "GET", "path": "/api/projects", "status": 200, "ms": 7.7}
[webui] {"ts": "2026-05-03T12:41:43Z", "method": "GET", "path": "/api/chat/stream?stream_id=b1bcabf65feb497bbd4f2723d5bd0d73", "status": 200, "ms": 6.6}
[webui] {"ts": "2026-05-03T12:41:43Z", "method": "GET", "path": "/api/sessions", "status": 200, "ms": 21.2}
[webui] {"ts": "2026-05-03T12:41:48Z", "method": "GET", "path": "/api/projects", "status": 200, "ms": 0.9}
[webui] {"ts": "2026-05-03T12:41:48Z", "method": "GET", "path": "/api/sessions", "status": 200, "ms": 5.0}
[webui] {"ts": "2026-05-03T12:41:54Z", "method": "GET", "path": "/api/projects", "status": 200, "ms": 0.9}
[webui] {"ts": "2026-05-03T12:41:54Z", "method": "GET", "path": "/api/sessions", "status": 200, "ms": 3.3}
[webui] {"ts": "2026-05-03T12:41:57Z", "method": "GET", "path": "/api/projects", "status": 200, "ms": 0.5}
[webui] {"ts": "2026-05-03T12:41:57Z", "method": "GET", "path": "/api/list?session_id=971f6c40d784&path=.", "status": 200, "ms": 8.8}
[webui] {"ts": "2026-05-03T12:41:57Z", "method": "GET", "path": "/api/sessions", "status": 200, "ms": 12.4}
[webui] {"ts": "2026-05-03T12:41:58Z", "method": "GET", "path": "/api/git-info?session_id=971f6c40d784", "status": 200, "ms": 0.6}
[webui] {"ts": "2026-05-03T12:42:12Z", "method": "GET", "path": "/api/crons/recent?since=1777812072.451", "status": 200, "ms": 0.5}
[webui] {"ts": "2026-05-03T12:42:42Z", "method": "GET", "path": "/api/crons/recent?since=1777812072.451", "status": 200, "ms": 0.4}
[webui] {"ts": "2026-05-03T12:42:49Z", "method": "GET", "path": "/api/session/yolo?session_id=971f6c40d784", "status": 200, "ms": 0.4}
[webui] {"ts": "2026-05-03T12:42:49Z", "method": "GET", "path": "/api/sessions", "status": 200, "ms": 3.8}
[webui] {"ts": "2026-05-03T12:42:49Z", "method": "GET", "path": "/api/projects", "status": 200, "ms": 2.9}
[webui] {"ts": "2026-05-03T12:42:49Z", "method": "GET", "path": "/api/approval/stream?session_id=971f6c40d784", "status": 200, "ms": 0.3}
[webui] {"ts": "2026-05-03T12:42:49Z", "method": "GET", "path": "/api/clarify/stream?session_id=971f6c40d784", "status": 200, "ms": 0.8}
[webui] {"ts": "2026-05-03T12:42:49Z", "method": "POST", "path": "/api/chat/start", "status": 200, "ms": 21.9}
[webui] {"ts": "2026-05-03T12:42:50Z", "method": "GET", "path": "/api/chat/stream?stream_id=ef2ff2d2e16d41f5935281baa09dcd1b", "status": 200, "ms": 0.3}
[webui] {"ts": "2026-05-03T12:42:50Z", "method": "GET", "path": "/api/projects", "status": 200, "ms": 3.3}
[webui] {"ts": "2026-05-03T12:42:50Z", "method": "GET", "path": "/api/sessions", "status": 200, "ms": 6.3}
[webui] {"ts": "2026-05-03T12:42:55Z", "method": "GET", "path": "/api/projects", "status": 200, "ms": 0.4}
[webui] {"ts": "2026-05-03T12:42:55Z", "method": "GET", "path": "/api/sessions", "status": 200, "ms": 3.5}
[webui] {"ts": "2026-05-03T12:42:55Z", "method": "GET", "path": "/api/list?session_id=971f6c40d784&path=.", "status": 200, "ms": 1.1}
[webui] {"ts": "2026-05-03T12:42:55Z", "method": "GET", "path": "/api/projects", "status": 200, "ms": 0.4}
[webui] {"ts": "2026-05-03T12:42:55Z", "method": "GET", "path": "/api/sessions", "status": 200, "ms": 1.4}
[webui] {"ts": "2026-05-03T12:42:55Z", "method": "GET", "path": "/api/git-info?session_id=971f6c40d784", "status": 200, "ms": 0.2}
[webui] {"ts": "2026-05-03T12:43:13Z", "method": "GET", "path": "/api/crons/recent?since=1777812072.451", "status": 200, "ms": 2.9}
[webui] {"ts": "2026-05-03T12:43:43Z", "method": "GET", "path": "/api/crons/recent?since=1777812072.451", "status": 200, "ms": 0.3}
[webui] {"ts": "2026-05-03T12:44:13Z", "method": "GET", "path": "/api/crons/recent?since=1777812072.451", "status": 200, "ms": 0.5}
[webui] {"ts": "2026-05-03T12:44:41Z", "method": "GET", "path": "/api/crons/recent?since=1777812072.451", "status": 200, "ms": 0.6}
[webui] {"ts": "2026-05-03T12:44:54Z", "method": "GET", "path": "/api/settings", "status": 200, "ms": 0.3}
[webui] {"ts": "2026-05-03T12:44:55Z", "method": "GET", "path": "/api/models", "status": 200, "ms": 0.7}
[webui] {"ts": "2026-05-03T12:44:55Z", "method": "GET", "path": "/api/auth/status", "status": 200, "ms": 0.6}
[webui] {"ts": "2026-05-03T12:44:55Z", "method": "GET", "path": "/api/providers", "status": 200, "ms": 69.4}
[webui] {"ts": "2026-05-03T12:45:04Z", "method": "POST", "path": "/api/settings", "status": 200, "ms": 1.2}
[webui] {"ts": "2026-05-03T12:45:12Z", "method": "GET", "path": "/api/crons/recent?since=1777812072.451", "status": 200, "ms": 0.4}
[webui] {"ts": "2026-05-03T12:45:15Z", "method": "POST", "path": "/api/settings", "status": 200, "ms": 0.8}
[webui] {"ts": "2026-05-03T12:45:25Z", "method": "POST", "path": "/api/settings", "status": 200, "ms": 1.0}
[webui] {"ts": "2026-05-03T12:45:25Z", "method": "GET", "path": "/api/sessions", "status": 200, "ms": 1.8}
[webui] {"ts": "2026-05-03T12:45:25Z", "method": "GET", "path": "/api/projects", "status": 200, "ms": 0.3}
[webui] {"ts": "2026-05-03T12:45:42Z", "method": "GET", "path": "/api/crons/recent?since=1777812072.451", "status": 200, "ms": 0.4}
[webui] {"ts": "2026-05-03T12:46:12Z", "method": "GET", "path": "/api/crons/recent?since=1777812072.451", "status": 200, "ms": 0.5}
[webui] {"ts": "2026-05-03T12:46:42Z", "method": "GET", "path": "/api/crons/recent?since=1777812072.451", "status": 200, "ms": 0.5}
[webui] {"ts": "2026-05-03T12:51:13Z", "method": "GET", "path": "/api/crons/recent?since=1777812072.451", "status": 200, "ms": 0.7}
[webui] {"ts": "2026-05-03T12:51:21Z", "method": "GET", "path": "/api/memory", "status": 200, "ms": 3.4}
[webui] {"ts": "2026-05-03T12:51:28Z", "method": "GET", "path": "/api/skills", "status": 200, "ms": 1451.0}
[webui] {"ts": "2026-05-03T12:51:43Z", "method": "GET", "path": "/api/crons/recent?since=1777812072.451", "status": 200, "ms": 0.4}
[webui] {"ts": "2026-05-03T12:52:13Z", "method": "GET", "path": "/api/crons/recent?since=1777812072.451", "status": 200, "ms": 0.6}
[webui] {"ts": "2026-05-03T12:52:41Z", "method": "GET", "path": "/api/crons/recent?since=1777812072.451", "status": 200, "ms": 1.5}
[webui] {"ts": "2026-05-03T12:53:11Z", "method": "GET", "path": "/api/crons/recent?since=1777812072.451", "status": 200, "ms": 0.5}
[webui] {"ts": "2026-05-03T12:53:42Z", "method": "GET", "path": "/api/crons/recent?since=1777812072.451", "status": 200, "ms": 0.4}
[webui] {"ts": "2026-05-03T12:54:12Z", "method": "GET", "path": "/api/crons/recent?since=1777812072.451", "status": 200, "ms": 1.0}
[webui] {"ts": "2026-05-03T12:54:42Z", "method": "GET", "path": "/api/crons/recent?since=1777812072.451", "status": 200, "ms": 0.3}
[webui] {"ts": "2026-05-03T12:55:13Z", "method": "GET", "path": "/api/crons/recent?since=1777812072.451", "status": 200, "ms": 0.4}
[webui] {"ts": "2026-05-03T12:55:20Z", "method": "GET", "path": "/api/profiles", "status": 200, "ms": 440.0}
[webui] {"ts": "2026-05-03T12:55:31Z", "method": "GET", "path": "/api/insights?days=30", "status": 200, "ms": 0.9}
[webui] {"ts": "2026-05-03T12:55:43Z", "method": "GET", "path": "/api/crons/recent?since=1777812072.451", "status": 200, "ms": 0.3}
[webui] {"ts": "2026-05-03T12:55:49Z", "method": "GET", "path": "/static/vendor/smd.min.js", "status": 200, "ms": 91.2}
[webui] {"ts": "2026-05-03T12:55:49Z", "method": "GET", "path": "/api/settings", "status": 200, "ms": 0.5}
[webui] {"ts": "2026-05-03T12:55:49Z", "method": "GET", "path": "/api/profile/active", "status": 200, "ms": 1.9}
[webui] {"ts": "2026-05-03T12:55:49Z", "method": "GET", "path": "/api/updates/check", "status": 200, "ms": 1.4}
[webui] {"ts": "2026-05-03T12:55:50Z", "method": "GET", "path": "/api/models", "status": 200, "ms": 3.5}
[webui] {"ts": "2026-05-03T12:55:50Z", "method": "GET", "path": "/api/workspaces", "status": 200, "ms": 4.4}
[webui] {"ts": "2026-05-03T12:55:50Z", "method": "GET", "path": "/api/models/live?provider=opencode-go", "status": 200, "ms": 1.1}
[webui] {"ts": "2026-05-03T12:55:50Z", "method": "GET", "path": "/api/onboarding/status", "status": 200, "ms": 4.0}
[webui] {"ts": "2026-05-03T12:55:50Z", "method": "GET", "path": "/api/projects", "status": 200, "ms": 0.3}
[webui] {"ts": "2026-05-03T12:55:50Z", "method": "GET", "path": "/api/sessions", "status": 200, "ms": 6.0}
[webui] {"ts": "2026-05-03T12:55:50Z", "method": "GET", "path": "/api/projects", "status": 200, "ms": 8.2}
[webui] {"ts": "2026-05-03T12:55:50Z", "method": "GET", "path": "/api/reasoning", "status": 200, "ms": 41.7}
[webui] {"ts": "2026-05-03T12:55:50Z", "method": "GET", "path": "/api/sessions", "status": 200, "ms": 29.7}
[webui] {"ts": "2026-05-03T12:55:51Z", "method": "GET", "path": "/sw.js?v=v0.50.278", "status": 200, "ms": 11.3}
[webui] {"ts": "2026-05-03T12:56:20Z", "method": "GET", "path": "/api/crons/recent?since=1777812949.126", "status": 200, "ms": 0.8}
[webui] {"ts": "2026-05-03T12:56:21Z", "method": "GET", "path": "/api/workspaces", "status": 200, "ms": 0.3}
[webui] {"ts": "2026-05-03T12:56:30Z", "method": "GET", "path": "/api/session?session_id=971f6c40d784&messages=0&resolve_model=0", "status": 200, "ms": 0.4}
[webui] {"ts": "2026-05-03T12:56:30Z", "method": "GET", "path": "/api/session?session_id=971f6c40d784&messages=1&resolve_model=0&msg_limit=30", "status": 200, "ms": 1.4}
[webui] {"ts": "2026-05-03T12:56:30Z", "method": "GET", "path": "/api/list?session_id=971f6c40d784&path=.", "status": 200, "ms": 1.6}
[webui] {"ts": "2026-05-03T12:56:30Z", "method": "GET", "path": "/api/git-info?session_id=971f6c40d784", "status": 200, "ms": 0.4}
[webui] {"ts": "2026-05-03T12:56:30Z", "method": "GET", "path": "/api/session?session_id=971f6c40d784&messages=0&resolve_model=1", "status": 200, "ms": 2.0}
[webui] {"ts": "2026-05-03T12:56:50Z", "method": "GET", "path": "/api/crons/recent?since=1777812949.126", "status": 200, "ms": 0.4}
[webui] {"ts": "2026-05-03T12:57:18Z", "method": "GET", "path": "/api/crons/recent?since=1777812949.126", "status": 200, "ms": 0.4}
[webui] {"ts": "2026-05-03T12:57:48Z", "method": "GET", "path": "/api/crons/recent?since=1777812949.126", "status": 200, "ms": 0.5}
[webui] {"ts": "2026-05-03T12:58:19Z", "method": "GET", "path": "/api/crons/recent?since=1777812949.126", "status": 200, "ms": 0.5}
[webui] {"ts": "2026-05-03T12:58:50Z", "method": "GET", "path": "/api/crons/recent?since=1777812949.126", "status": 200, "ms": 0.4}
[webui] {"ts": "2026-05-03T12:59:18Z", "method": "GET", "path": "/api/crons/recent?since=1777812949.126", "status": 200, "ms": 0.3}
